I, [2016-11-24T13:57:47.772343 #22611]  INFO -- Kitchen: -----> Starting Kitchen (v1.13.2)
I, [2016-11-24T13:57:47.913771 #22611]  INFO -- Kitchen: -----> Cleaning up any prior instances of <default-centos-71>
I, [2016-11-24T13:57:47.913942 #22611]  INFO -- Kitchen: -----> Destroying <default-centos-71>...
I, [2016-11-24T13:57:47.914669 #22611]  INFO -- Kitchen: -----> Testing <default-centos-71>
I, [2016-11-24T13:57:47.914798 #22611]  INFO -- Kitchen: -----> Creating <default-centos-71>...
I, [2016-11-24T13:58:01.945983 #22611]  INFO -- Kitchen: -----> Converging <default-centos-71>...
I, [2016-11-24T14:32:43.606546 #22611]  INFO -- Kitchen: -----> Setting up <default-centos-71>...
I, [2016-11-24T14:32:43.616607 #22611]  INFO -- Kitchen: -----> Verifying <default-centos-71>...
E, [2016-11-24T14:33:07.736765 #22611] ERROR -- Kitchen: ------Exception-------
E, [2016-11-24T14:33:07.736819 #22611] ERROR -- Kitchen: Class: Kitchen::ActionFailed
E, [2016-11-24T14:33:07.736846 #22611] ERROR -- Kitchen: Message: 1 actions failed.
>>>>>>     Verify failed on instance <default-centos-71>.  Please see .kitchen/logs/default-centos-71.log for more details
E, [2016-11-24T14:33:07.736871 #22611] ERROR -- Kitchen: ----------------------
E, [2016-11-24T14:33:07.736888 #22611] ERROR -- Kitchen: ------Backtrace-------
E, [2016-11-24T14:33:07.736905 #22611] ERROR -- Kitchen: /opt/chefdk/embedded/lib/ruby/gems/2.3.0/gems/test-kitchen-1.13.2/lib/kitchen/command.rb:187:in `report_errors'
E, [2016-11-24T14:33:07.736923 #22611] ERROR -- Kitchen: /opt/chefdk/embedded/lib/ruby/gems/2.3.0/gems/test-kitchen-1.13.2/lib/kitchen/command.rb:178:in `run_action'
E, [2016-11-24T14:33:07.736940 #22611] ERROR -- Kitchen: /opt/chefdk/embedded/lib/ruby/gems/2.3.0/gems/test-kitchen-1.13.2/lib/kitchen/command/test.rb:45:in `block in call'
E, [2016-11-24T14:33:07.736958 #22611] ERROR -- Kitchen: /opt/chefdk/embedded/lib/ruby/2.3.0/benchmark.rb:293:in `measure'
E, [2016-11-24T14:33:07.736975 #22611] ERROR -- Kitchen: /opt/chefdk/embedded/lib/ruby/gems/2.3.0/gems/test-kitchen-1.13.2/lib/kitchen/command/test.rb:41:in `call'
E, [2016-11-24T14:33:07.736992 #22611] ERROR -- Kitchen: /opt/chefdk/embedded/lib/ruby/gems/2.3.0/gems/test-kitchen-1.13.2/lib/kitchen/cli.rb:56:in `perform'
E, [2016-11-24T14:33:07.737010 #22611] ERROR -- Kitchen: /opt/chefdk/embedded/lib/ruby/gems/2.3.0/gems/test-kitchen-1.13.2/lib/kitchen/cli.rb:233:in `test'
E, [2016-11-24T14:33:07.737027 #22611] ERROR -- Kitchen: /opt/chefdk/embedded/lib/ruby/gems/2.3.0/gems/thor-0.19.1/lib/thor/command.rb:27:in `run'
E, [2016-11-24T14:33:07.737045 #22611] ERROR -- Kitchen: /opt/chefdk/embedded/lib/ruby/gems/2.3.0/gems/thor-0.19.1/lib/thor/invocation.rb:126:in `invoke_command'
E, [2016-11-24T14:33:07.737078 #22611] ERROR -- Kitchen: /opt/chefdk/embedded/lib/ruby/gems/2.3.0/gems/test-kitchen-1.13.2/lib/kitchen/cli.rb:334:in `invoke_task'
E, [2016-11-24T14:33:07.737108 #22611] ERROR -- Kitchen: /opt/chefdk/embedded/lib/ruby/gems/2.3.0/gems/thor-0.19.1/lib/thor.rb:359:in `dispatch'
E, [2016-11-24T14:33:07.737150 #22611] ERROR -- Kitchen: /opt/chefdk/embedded/lib/ruby/gems/2.3.0/gems/thor-0.19.1/lib/thor/base.rb:440:in `start'
E, [2016-11-24T14:33:07.737181 #22611] ERROR -- Kitchen: /opt/chefdk/embedded/lib/ruby/gems/2.3.0/gems/test-kitchen-1.13.2/bin/kitchen:13:in `block in <top (required)>'
E, [2016-11-24T14:33:07.737220 #22611] ERROR -- Kitchen: /opt/chefdk/embedded/lib/ruby/gems/2.3.0/gems/test-kitchen-1.13.2/lib/kitchen/errors.rb:174:in `with_friendly_errors'
E, [2016-11-24T14:33:07.737240 #22611] ERROR -- Kitchen: /opt/chefdk/embedded/lib/ruby/gems/2.3.0/gems/test-kitchen-1.13.2/bin/kitchen:13:in `<top (required)>'
E, [2016-11-24T14:33:07.737279 #22611] ERROR -- Kitchen: /usr/bin/kitchen:21:in `load'
E, [2016-11-24T14:33:07.737299 #22611] ERROR -- Kitchen: /usr/bin/kitchen:21:in `<main>'
E, [2016-11-24T14:33:07.737316 #22611] ERROR -- Kitchen: ----End Backtrace-----
E, [2016-11-24T14:33:07.737333 #22611] ERROR -- Kitchen: -Composite Exception--
E, [2016-11-24T14:33:07.737349 #22611] ERROR -- Kitchen: Class: Kitchen::InstanceFailure
E, [2016-11-24T14:33:07.737372 #22611] ERROR -- Kitchen: Message: Verify failed on instance <default-centos-71>.  Please see .kitchen/logs/default-centos-71.log for more details
E, [2016-11-24T14:33:07.737391 #22611] ERROR -- Kitchen: ----------------------
E, [2016-11-24T14:33:07.737408 #22611] ERROR -- Kitchen: ------Backtrace-------
E, [2016-11-24T14:33:07.737425 #22611] ERROR -- Kitchen: /opt/chefdk/embedded/lib/ruby/gems/2.3.0/gems/test-kitchen-1.13.2/lib/kitchen/verifier/base.rb:83:in `rescue in call'
E, [2016-11-24T14:33:07.737443 #22611] ERROR -- Kitchen: /opt/chefdk/embedded/lib/ruby/gems/2.3.0/gems/test-kitchen-1.13.2/lib/kitchen/verifier/base.rb:86:in `call'
E, [2016-11-24T14:33:07.737460 #22611] ERROR -- Kitchen: /opt/chefdk/embedded/lib/ruby/gems/2.3.0/gems/test-kitchen-1.13.2/lib/kitchen/instance.rb:430:in `block in verify_action'
E, [2016-11-24T14:33:07.737477 #22611] ERROR -- Kitchen: /opt/chefdk/embedded/lib/ruby/gems/2.3.0/gems/test-kitchen-1.13.2/lib/kitchen/instance.rb:520:in `synchronize_or_call'
E, [2016-11-24T14:33:07.737494 #22611] ERROR -- Kitchen: /opt/chefdk/embedded/lib/ruby/gems/2.3.0/gems/test-kitchen-1.13.2/lib/kitchen/instance.rb:485:in `block in action'
E, [2016-11-24T14:33:07.737511 #22611] ERROR -- Kitchen: /opt/chefdk/embedded/lib/ruby/2.3.0/benchmark.rb:293:in `measure'
E, [2016-11-24T14:33:07.737528 #22611] ERROR -- Kitchen: /opt/chefdk/embedded/lib/ruby/gems/2.3.0/gems/test-kitchen-1.13.2/lib/kitchen/instance.rb:484:in `action'
E, [2016-11-24T14:33:07.737546 #22611] ERROR -- Kitchen: /opt/chefdk/embedded/lib/ruby/gems/2.3.0/gems/test-kitchen-1.13.2/lib/kitchen/instance.rb:422:in `verify_action'
E, [2016-11-24T14:33:07.737563 #22611] ERROR -- Kitchen: /opt/chefdk/embedded/lib/ruby/gems/2.3.0/gems/test-kitchen-1.13.2/lib/kitchen/instance.rb:355:in `block in transition_to'
E, [2016-11-24T14:33:07.737580 #22611] ERROR -- Kitchen: /opt/chefdk/embedded/lib/ruby/gems/2.3.0/gems/test-kitchen-1.13.2/lib/kitchen/instance.rb:354:in `each'
E, [2016-11-24T14:33:07.737597 #22611] ERROR -- Kitchen: /opt/chefdk/embedded/lib/ruby/gems/2.3.0/gems/test-kitchen-1.13.2/lib/kitchen/instance.rb:354:in `transition_to'
E, [2016-11-24T14:33:07.737614 #22611] ERROR -- Kitchen: /opt/chefdk/embedded/lib/ruby/gems/2.3.0/gems/test-kitchen-1.13.2/lib/kitchen/instance.rb:160:in `verify'
E, [2016-11-24T14:33:07.737653 #22611] ERROR -- Kitchen: /opt/chefdk/embedded/lib/ruby/gems/2.3.0/gems/test-kitchen-1.13.2/lib/kitchen/instance.rb:189:in `block in test'
E, [2016-11-24T14:33:07.737671 #22611] ERROR -- Kitchen: /opt/chefdk/embedded/lib/ruby/2.3.0/benchmark.rb:293:in `measure'
E, [2016-11-24T14:33:07.737696 #22611] ERROR -- Kitchen: /opt/chefdk/embedded/lib/ruby/gems/2.3.0/gems/test-kitchen-1.13.2/lib/kitchen/instance.rb:185:in `test'
E, [2016-11-24T14:33:07.737712 #22611] ERROR -- Kitchen: /opt/chefdk/embedded/lib/ruby/gems/2.3.0/gems/test-kitchen-1.13.2/lib/kitchen/command.rb:201:in `public_send'
E, [2016-11-24T14:33:07.737727 #22611] ERROR -- Kitchen: /opt/chefdk/embedded/lib/ruby/gems/2.3.0/gems/test-kitchen-1.13.2/lib/kitchen/command.rb:201:in `run_action_in_thread'
E, [2016-11-24T14:33:07.737743 #22611] ERROR -- Kitchen: /opt/chefdk/embedded/lib/ruby/gems/2.3.0/gems/test-kitchen-1.13.2/lib/kitchen/command.rb:173:in `block (2 levels) in run_action'
E, [2016-11-24T14:33:07.737758 #22611] ERROR -- Kitchen: ----End Backtrace-----
E, [2016-11-24T14:33:07.737773 #22611] ERROR -- Kitchen: ---Nested Exception---
E, [2016-11-24T14:33:07.737789 #22611] ERROR -- Kitchen: Class: Kitchen::ActionFailed
E, [2016-11-24T14:33:07.737803 #22611] ERROR -- Kitchen: Message: SSH exited (1) for command: [sh -c '
TEST_KITCHEN="1"; export TEST_KITCHEN
BUSSER_ROOT="/tmp/verifier"; export BUSSER_ROOT
GEM_HOME="/tmp/verifier/gems"; export GEM_HOME
GEM_PATH="/tmp/verifier/gems"; export GEM_PATH
GEM_CACHE="/tmp/verifier/gems/cache"; export GEM_CACHE

sudo -E /tmp/verifier/bin/busser test
']
E, [2016-11-24T14:33:07.737819 #22611] ERROR -- Kitchen: ----------------------
E, [2016-11-24T14:33:07.737834 #22611] ERROR -- Kitchen: ------Backtrace-------
E, [2016-11-24T14:33:07.737853 #22611] ERROR -- Kitchen: /opt/chefdk/embedded/lib/ruby/gems/2.3.0/gems/test-kitchen-1.13.2/lib/kitchen/verifier/base.rb:83:in `rescue in call'
E, [2016-11-24T14:33:07.737871 #22611] ERROR -- Kitchen: /opt/chefdk/embedded/lib/ruby/gems/2.3.0/gems/test-kitchen-1.13.2/lib/kitchen/verifier/base.rb:86:in `call'
E, [2016-11-24T14:33:07.737886 #22611] ERROR -- Kitchen: /opt/chefdk/embedded/lib/ruby/gems/2.3.0/gems/test-kitchen-1.13.2/lib/kitchen/instance.rb:430:in `block in verify_action'
E, [2016-11-24T14:33:07.737902 #22611] ERROR -- Kitchen: /opt/chefdk/embedded/lib/ruby/gems/2.3.0/gems/test-kitchen-1.13.2/lib/kitchen/instance.rb:520:in `synchronize_or_call'
E, [2016-11-24T14:33:07.737918 #22611] ERROR -- Kitchen: /opt/chefdk/embedded/lib/ruby/gems/2.3.0/gems/test-kitchen-1.13.2/lib/kitchen/instance.rb:485:in `block in action'
E, [2016-11-24T14:33:07.737960 #22611] ERROR -- Kitchen: /opt/chefdk/embedded/lib/ruby/2.3.0/benchmark.rb:293:in `measure'
E, [2016-11-24T14:33:07.737979 #22611] ERROR -- Kitchen: /opt/chefdk/embedded/lib/ruby/gems/2.3.0/gems/test-kitchen-1.13.2/lib/kitchen/instance.rb:484:in `action'
E, [2016-11-24T14:33:07.737995 #22611] ERROR -- Kitchen: /opt/chefdk/embedded/lib/ruby/gems/2.3.0/gems/test-kitchen-1.13.2/lib/kitchen/instance.rb:422:in `verify_action'
E, [2016-11-24T14:33:07.738011 #22611] ERROR -- Kitchen: /opt/chefdk/embedded/lib/ruby/gems/2.3.0/gems/test-kitchen-1.13.2/lib/kitchen/instance.rb:355:in `block in transition_to'
E, [2016-11-24T14:33:07.738027 #22611] ERROR -- Kitchen: /opt/chefdk/embedded/lib/ruby/gems/2.3.0/gems/test-kitchen-1.13.2/lib/kitchen/instance.rb:354:in `each'
E, [2016-11-24T14:33:07.738042 #22611] ERROR -- Kitchen: /opt/chefdk/embedded/lib/ruby/gems/2.3.0/gems/test-kitchen-1.13.2/lib/kitchen/instance.rb:354:in `transition_to'
E, [2016-11-24T14:33:07.738058 #22611] ERROR -- Kitchen: /opt/chefdk/embedded/lib/ruby/gems/2.3.0/gems/test-kitchen-1.13.2/lib/kitchen/instance.rb:160:in `verify'
E, [2016-11-24T14:33:07.738073 #22611] ERROR -- Kitchen: /opt/chefdk/embedded/lib/ruby/gems/2.3.0/gems/test-kitchen-1.13.2/lib/kitchen/instance.rb:189:in `block in test'
E, [2016-11-24T14:33:07.738090 #22611] ERROR -- Kitchen: /opt/chefdk/embedded/lib/ruby/2.3.0/benchmark.rb:293:in `measure'
E, [2016-11-24T14:33:07.738105 #22611] ERROR -- Kitchen: /opt/chefdk/embedded/lib/ruby/gems/2.3.0/gems/test-kitchen-1.13.2/lib/kitchen/instance.rb:185:in `test'
E, [2016-11-24T14:33:07.738121 #22611] ERROR -- Kitchen: /opt/chefdk/embedded/lib/ruby/gems/2.3.0/gems/test-kitchen-1.13.2/lib/kitchen/command.rb:201:in `public_send'
E, [2016-11-24T14:33:07.738137 #22611] ERROR -- Kitchen: /opt/chefdk/embedded/lib/ruby/gems/2.3.0/gems/test-kitchen-1.13.2/lib/kitchen/command.rb:201:in `run_action_in_thread'
E, [2016-11-24T14:33:07.738152 #22611] ERROR -- Kitchen: /opt/chefdk/embedded/lib/ruby/gems/2.3.0/gems/test-kitchen-1.13.2/lib/kitchen/command.rb:173:in `block (2 levels) in run_action'
E, [2016-11-24T14:33:07.738168 #22611] ERROR -- Kitchen: ----End Backtrace-----
